[www.corazon-deoro.com/directo-conmigo/15.html]
[www.corazon-deoro.com/apple-touch-icon.png]
[backblue.gif]
[fade.gif]
[index.html]
[www.google-analytics.com/analytics.js]
[www.corazon-deoro.com/images/emoticone.jpg]
[www.corazon-deoro.com/images/like.jpg]
[cdoes-33cdn153.netdna-ssl.com/images/corazon/left.png]
[cdoes-33cdn153.netdna-ssl.com/images/feather.png]
[www.corazon-deoro.com/assets/2d6bac02/jquery6ec5.js]
[www.corazon-deoro.com/assets/f610510/yii6ec5.js]
[www.corazon-deoro.com/assets/9e412a3e/jquery-ui6ec5.js]
[www.corazon-deoro.com/assets/cee81edd/js/bootstrap6ec5.js]
[www.corazon-deoro.com/js/Dialog.js]
[www.corazon-deoro.com/assets/166780ea/countdown2/jquery.plugin.mind022.js]
[www.corazon-deoro.com/assets/166780ea/countdown2/jquery.countdown.mind022.js]
[www.corazon-deoro.com/assets/166780ea/countdown2/jquery.countdown-esd022.js]
[www.corazon-deoro.com/assets/166780ea/ts53e8.js]
[www.corazon-deoro.com/directo-conmigo/15.html]
[www.corazon-deoro.com/assets/cee81edd/css/bootstrap6ec5.css]
[www.corazon-deoro.com/assets/9e412a3e/themes/smoothness/images/ui-bg_flat_75_ffffff_40x100.png]
[www.corazon-deoro.com/assets/9e412a3e/themes/smoothness/images/ui-bg_highlight-soft_75_cccccc_1x100.png]
[www.corazon-deoro.com/assets/9e412a3e/themes/smoothness/images/ui-bg_glass_75_e6e6e6_1x400.png]
[www.corazon-deoro.com/assets/9e412a3e/themes/smoothness/images/ui-bg_glass_75_dadada_1x400.png]
[www.corazon-deoro.com/assets/9e412a3e/themes/smoothness/images/ui-bg_glass_65_ffffff_1x400.png]
[www.corazon-deoro.com/assets/9e412a3e/themes/smoothness/images/ui-bg_glass_55_fbf9ee_1x400.png]
[www.corazon-deoro.com/assets/9e412a3e/themes/smoothness/images/ui-bg_glass_95_fef1ec_1x400.png]
[www.corazon-deoro.com/assets/9e412a3e/themes/smoothness/images/ui-icons_222222_256x240.png]
[www.corazon-deoro.com/assets/9e412a3e/themes/smoothness/images/ui-icons_888888_256x240.png]
[www.corazon-deoro.com/assets/9e412a3e/themes/smoothness/images/ui-icons_454545_256x240.png]
[www.corazon-deoro.com/assets/9e412a3e/themes/smoothness/images/ui-icons_2e83ff_256x240.png]
[www.corazon-deoro.com/assets/9e412a3e/themes/smoothness/images/ui-icons_cd0a0a_256x240.png]
[www.corazon-deoro.com/assets/9e412a3e/themes/smoothness/images/ui-bg_flat_0_aaaaaa_40x100.png]
[www.corazon-deoro.com/assets/9e412a3e/themes/smoothness/jquery-ui6ec5.css]
[www.corazon-deoro.com/assets/166780ea/countdown2/jquery.countdownd022.css]
[wscdo-33cdn153.netdna-ssl.com/images/bg.png]
[www.corazon-deoro.com/assets/166780ea/tsa6bc.css]
[www.googletagmanager.com/gtm5445.html]
